app/build/intermediates/manifest_merge_blame_file/debug/manifest-merger-blame-debug-report.txt
1<?xml version="1.0" encoding="utf-8"?>
2<manifest xmlns:android="http://schemas.android.com/apk/res/android"
3    package="com.example.instagramclone"
4    android:versionCode="1"
5    android:versionName="1.0" >
6
7    <uses-sdk
8        android:minSdkVersion="19"
8-->src\main\AndroidManifest.xml
9        android:targetSdkVersion="32" />
9-->src\main\AndroidManifest.xml
10
11    <uses-permission android:name="android.permission.READ_EXTERNAL_STORAGE" />
11-->src\main\AndroidManifest.xml:5:5-80
11-->src\main\AndroidManifest.xml:5:22-77
12    <uses-permission android:name="android.permission.WRITE_EXTERNAL_STORAGE" />
12-->src\main\AndroidManifest.xml:6:5-81
12-->src\main\AndroidManifest.xml:6:22-78
13    <uses-permission android:name="android.permission.INTERNET" />
13-->[com.google.firebase:firebase-auth:21.0.1] AndroidManifest.xml:23:5-67
13-->[com.google.firebase:firebase-auth:21.0.1] AndroidManifest.xml:23:22-64
14    <uses-permission android:name="android.permission.ACCESS_NETWORK_STATE" />
14-->[com.google.firebase:firebase-auth:21.0.1] AndroidManifest.xml:24:5-79
14-->[com.google.firebase:firebase-auth:21.0.1] AndroidManifest.xml:24:22-76
15    <uses-permission android:name="android.permission.WAKE_LOCK" />
15-->[com.google.android.gms:play-services-measurement-api:20.0.2] AndroidManifest.xml:24:5-68
15-->[com.google.android.gms:play-services-measurement-api:20.0.2] AndroidManifest.xml:24:22-65
16    <uses-permission android:name="com.google.android.finsky.permission.BIND_GET_INSTALL_REFERRER_SERVICE" /> <!-- Include required permissions for Advertising Id -->
16-->[com.google.android.gms:play-services-measurement:20.0.2] AndroidManifest.xml:26:5-110
16-->[com.google.android.gms:play-services-measurement:20.0.2] AndroidManifest.xml:26:22-107
17    <uses-permission android:name="com.google.android.gms.permission.AD_ID" />
17-->[com.google.android.gms:play-services-ads-identifier:18.0.0] AndroidManifest.xml:23:5-79
17-->[com.google.android.gms:play-services-ads-identifier:18.0.0] AndroidManifest.xml:23:22-76
18
19    <application
19-->src\main\AndroidManifest.xml:8:5-35:19
20        android:allowBackup="true"
20-->src\main\AndroidManifest.xml:9:9-35
21        android:appComponentFactory="androidx.core.app.CoreComponentFactory"
21-->[androidx.core:core:1.7.0] AndroidManifest.xml:24:18-86
22        android:debuggable="true"
23        android:icon="@mipmap/ic_launcher"
23-->src\main\AndroidManifest.xml:10:9-43
24        android:label="@string/app_name"
24-->src\main\AndroidManifest.xml:11:9-41
25        android:roundIcon="@mipmap/ic_launcher_round"
25-->src\main\AndroidManifest.xml:12:9-54
26        android:supportsRtl="true"
26-->src\main\AndroidManifest.xml:13:9-35
27        android:testOnly="true"
28        android:theme="@style/Theme.InstagramClone" >
28-->src\main\AndroidManifest.xml:14:9-52
29        <activity
29-->src\main\AndroidManifest.xml:15:9-17:40
30            android:name="com.example.instagramclone.AddPostActivity"
30-->src\main\AndroidManifest.xml:16:13-44
31            android:exported="false" />
31-->src\main\AndroidManifest.xml:17:13-37
32        <activity android:name="com.example.instagramclone.SignUpActivity" />
32-->src\main\AndroidManifest.xml:18:9-61
32-->src\main\AndroidManifest.xml:18:19-49
33        <activity
33-->src\main\AndroidManifest.xml:19:9-27:20
34            android:name="com.example.instagramclone.SignInActivity"
34-->src\main\AndroidManifest.xml:20:13-43
35            android:exported="true" >
35-->src\main\AndroidManifest.xml:21:13-36
36            <intent-filter>
36-->src\main\AndroidManifest.xml:22:13-26:29
37                <action android:name="android.intent.action.MAIN" />
37-->src\main\AndroidManifest.xml:23:17-69
37-->src\main\AndroidManifest.xml:23:25-66
38
39                <category android:name="android.intent.category.LAUNCHER" />
39-->src\main\AndroidManifest.xml:25:17-77
39-->src\main\AndroidManifest.xml:25:27-74
40            </intent-filter>
41        </activity>
42        <activity android:name="com.example.instagramclone.AccountSettingsActivity" />
42-->src\main\AndroidManifest.xml:28:9-70
42-->src\main\AndroidManifest.xml:28:19-58
43        <activity
43-->src\main\AndroidManifest.xml:29:9-31:57
44            android:name="com.example.instagramclone.MainActivity"
44-->src\main\AndroidManifest.xml:30:13-41
45            android:label="@string/app_name" />
45-->src\main\AndroidManifest.xml:31:13-45
46        <activity
46-->src\main\AndroidManifest.xml:32:9-34:59
47            android:name="com.theartofdev.edmodo.cropper.CropImageActivity"
47-->src\main\AndroidManifest.xml:33:13-76
48            android:theme="@style/Base.Theme.AppCompat" />
48-->src\main\AndroidManifest.xml:34:13-56
49
50        <service
50-->[com.google.firebase:firebase-auth-ktx:21.0.1] AndroidManifest.xml:8:9-14:19
51            android:name="com.google.firebase.components.ComponentDiscoveryService"
51-->[com.google.firebase:firebase-auth-ktx:21.0.1] AndroidManifest.xml:9:13-84
52            android:directBootAware="true"
52-->[com.google.firebase:firebase-common:20.0.0] AndroidManifest.xml:35:13-43
53            android:exported="false" >
53-->[com.google.firebase:firebase-auth-ktx:21.0.1] AndroidManifest.xml:10:13-37
54            <meta-data
54-->[com.google.firebase:firebase-auth-ktx:21.0.1] AndroidManifest.xml:11:13-13:85
55                android:name="com.google.firebase.components:com.google.firebase.auth.ktx.FirebaseAuthKtxRegistrar"
55-->[com.google.firebase:firebase-auth-ktx:21.0.1] AndroidManifest.xml:12:17-116
56                android:value="com.google.firebase.components.ComponentRegistrar" />
56-->[com.google.firebase:firebase-auth-ktx:21.0.1] AndroidManifest.xml:13:17-82
57            <meta-data
57-->[com.google.firebase:firebase-auth:21.0.1] AndroidManifest.xml:77:13-79:85
58                android:name="com.google.firebase.components:com.google.firebase.auth.FirebaseAuthRegistrar"
58-->[com.google.firebase:firebase-auth:21.0.1] AndroidManifest.xml:78:17-109
59                android:value="com.google.firebase.components.ComponentRegistrar" />
59-->[com.google.firebase:firebase-auth:21.0.1] AndroidManifest.xml:79:17-82
60            <meta-data
60-->[com.google.firebase:firebase-database-ktx:20.0.3] AndroidManifest.xml:15:13-17:85
61                android:name="com.google.firebase.components:com.google.firebase.database.ktx.FirebaseDatabaseKtxRegistrar"
61-->[com.google.firebase:firebase-database-ktx:20.0.3] AndroidManifest.xml:16:17-124
62                android:value="com.google.firebase.components.ComponentRegistrar" />
62-->[com.google.firebase:firebase-database-ktx:20.0.3] AndroidManifest.xml:17:17-82
63            <meta-data
63-->[com.google.firebase:firebase-database:20.0.3] AndroidManifest.xml:32:13-34:85
64                android:name="com.google.firebase.components:com.google.firebase.database.DatabaseRegistrar"
64-->[com.google.firebase:firebase-database:20.0.3] AndroidManifest.xml:33:17-109
65                android:value="com.google.firebase.components.ComponentRegistrar" />
65-->[com.google.firebase:firebase-database:20.0.3] AndroidManifest.xml:34:17-82
66            <meta-data
66-->[com.google.firebase:firebase-storage-ktx:20.0.0] AndroidManifest.xml:15:13-17:85
67                android:name="com.google.firebase.components:com.google.firebase.storage.ktx.FirebaseStorageKtxRegistrar"
67-->[com.google.firebase:firebase-storage-ktx:20.0.0] AndroidManifest.xml:16:17-122
68                android:value="com.google.firebase.components.ComponentRegistrar" />
68-->[com.google.firebase:firebase-storage-ktx:20.0.0] AndroidManifest.xml:17:17-82
69            <meta-data
69-->[com.google.firebase:firebase-storage:20.0.0] AndroidManifest.xml:33:13-35:85
70                android:name="com.google.firebase.components:com.google.firebase.storage.StorageRegistrar"
70-->[com.google.firebase:firebase-storage:20.0.0] AndroidManifest.xml:34:17-107
71                android:value="com.google.firebase.components.ComponentRegistrar" />
71-->[com.google.firebase:firebase-storage:20.0.0] AndroidManifest.xml:35:17-82
72            <meta-data
72-->[com.google.firebase:firebase-analytics-ktx:20.0.2] AndroidManifest.xml:11:13-13:85
73                android:name="com.google.firebase.components:com.google.firebase.analytics.ktx.FirebaseAnalyticsKtxRegistrar"
73-->[com.google.firebase:firebase-analytics-ktx:20.0.2] AndroidManifest.xml:12:17-126
74                android:value="com.google.firebase.components.ComponentRegistrar" />
74-->[com.google.firebase:firebase-analytics-ktx:20.0.2] AndroidManifest.xml:13:17-82
75            <meta-data
75-->[com.google.firebase:firebase-common-ktx:20.0.0] AndroidManifest.xml:15:13-17:85
76                android:name="com.google.firebase.components:com.google.firebase.ktx.FirebaseCommonKtxRegistrar"
76-->[com.google.firebase:firebase-common-ktx:20.0.0] AndroidManifest.xml:16:17-113
77                android:value="com.google.firebase.components.ComponentRegistrar" />
77-->[com.google.firebase:firebase-common-ktx:20.0.0] AndroidManifest.xml:17:17-82
78            <meta-data
78-->[com.google.android.gms:play-services-measurement-api:20.0.2] AndroidManifest.xml:30:13-32:85
79                android:name="com.google.firebase.components:com.google.firebase.analytics.connector.internal.AnalyticsConnectorRegistrar"
79-->[com.google.android.gms:play-services-measurement-api:20.0.2] AndroidManifest.xml:31:17-139
80                android:value="com.google.firebase.components.ComponentRegistrar" />
80-->[com.google.android.gms:play-services-measurement-api:20.0.2] AndroidManifest.xml:32:17-82
81            <meta-data
81-->[com.google.firebase:firebase-installations:17.0.0] AndroidManifest.xml:18:13-20:85
82                android:name="com.google.firebase.components:com.google.firebase.installations.FirebaseInstallationsRegistrar"
82-->[com.google.firebase:firebase-installations:17.0.0] AndroidManifest.xml:19:17-127
83                android:value="com.google.firebase.components.ComponentRegistrar" />
83-->[com.google.firebase:firebase-installations:17.0.0] AndroidManifest.xml:20:17-82
84        </service>
85
86        <activity
86-->[com.google.firebase:firebase-auth:21.0.1] AndroidManifest.xml:27:9-44:20
87            android:name="com.google.firebase.auth.internal.GenericIdpActivity"
87-->[com.google.firebase:firebase-auth:21.0.1] AndroidManifest.xml:28:13-80
88            android:excludeFromRecents="true"
88-->[com.google.firebase:firebase-auth:21.0.1] AndroidManifest.xml:29:13-46
89            android:exported="true"
89-->[com.google.firebase:firebase-auth:21.0.1] AndroidManifest.xml:30:13-36
90            android:launchMode="singleTask"
90-->[com.google.firebase:firebase-auth:21.0.1] AndroidManifest.xml:31:13-44
91            android:theme="@android:style/Theme.Translucent.NoTitleBar" >
91-->[com.google.firebase:firebase-auth:21.0.1] AndroidManifest.xml:32:13-72
92            <intent-filter>
92-->[com.google.firebase:firebase-auth:21.0.1] AndroidManifest.xml:33:13-43:29
93                <action android:name="android.intent.action.VIEW" />
93-->[com.google.firebase:firebase-auth:21.0.1] AndroidManifest.xml:34:17-69
93-->[com.google.firebase:firebase-auth:21.0.1] AndroidManifest.xml:34:25-66
94
95                <category android:name="android.intent.category.DEFAULT" />
95-->[com.google.firebase:firebase-auth:21.0.1] AndroidManifest.xml:36:17-76
95-->[com.google.firebase:firebase-auth:21.0.1] AndroidManifest.xml:36:27-73
96                <category android:name="android.intent.category.BROWSABLE" />
96-->[com.google.firebase:firebase-auth:21.0.1] AndroidManifest.xml:37:17-78
96-->[com.google.firebase:firebase-auth:21.0.1] AndroidManifest.xml:37:27-75
97
98                <data
98-->[com.google.firebase:firebase-auth:21.0.1] AndroidManifest.xml:39:17-42:51
99                    android:host="firebase.auth"
99-->[com.google.firebase:firebase-auth:21.0.1] AndroidManifest.xml:40:21-49
100                    android:path="/"
100-->[com.google.firebase:firebase-auth:21.0.1] AndroidManifest.xml:41:21-37
101                    android:scheme="genericidp" />
101-->[com.google.firebase:firebase-auth:21.0.1] AndroidManifest.xml:42:21-48
102            </intent-filter>
103        </activity>
104        <activity
104-->[com.google.firebase:firebase-auth:21.0.1] AndroidManifest.xml:45:9-62:20
105            android:name="com.google.firebase.auth.internal.RecaptchaActivity"
105-->[com.google.firebase:firebase-auth:21.0.1] AndroidManifest.xml:46:13-79
106            android:excludeFromRecents="true"
106-->[com.google.firebase:firebase-auth:21.0.1] AndroidManifest.xml:47:13-46
107            android:exported="true"
107-->[com.google.firebase:firebase-auth:21.0.1] AndroidManifest.xml:48:13-36
108            android:launchMode="singleTask"
108-->[com.google.firebase:firebase-auth:21.0.1] AndroidManifest.xml:49:13-44
109            android:theme="@android:style/Theme.Translucent.NoTitleBar" >
109-->[com.google.firebase:firebase-auth:21.0.1] AndroidManifest.xml:50:13-72
110            <intent-filter>
110-->[com.google.firebase:firebase-auth:21.0.1] AndroidManifest.xml:51:13-61:29
111                <action android:name="android.intent.action.VIEW" />
111-->[com.google.firebase:firebase-auth:21.0.1] AndroidManifest.xml:34:17-69
111-->[com.google.firebase:firebase-auth:21.0.1] AndroidManifest.xml:34:25-66
112
113                <category android:name="android.intent.category.DEFAULT" />
113-->[com.google.firebase:firebase-auth:21.0.1] AndroidManifest.xml:36:17-76
113-->[com.google.firebase:firebase-auth:21.0.1] AndroidManifest.xml:36:27-73
114                <category android:name="android.intent.category.BROWSABLE" />
114-->[com.google.firebase:firebase-auth:21.0.1] AndroidManifest.xml:37:17-78
114-->[com.google.firebase:firebase-auth:21.0.1] AndroidManifest.xml:37:27-75
115
116                <data
116-->[com.google.firebase:firebase-auth:21.0.1] AndroidManifest.xml:39:17-42:51
117                    android:host="firebase.auth"
117-->[com.google.firebase:firebase-auth:21.0.1] AndroidManifest.xml:40:21-49
118                    android:path="/"
118-->[com.google.firebase:firebase-auth:21.0.1] AndroidManifest.xml:41:21-37
119                    android:scheme="recaptcha" />
119-->[com.google.firebase:firebase-auth:21.0.1] AndroidManifest.xml:42:21-48
120            </intent-filter>
121        </activity>
122
123        <service
123-->[com.google.firebase:firebase-auth:21.0.1] AndroidManifest.xml:64:9-73:19
124            android:name="com.google.firebase.auth.api.fallback.service.FirebaseAuthFallbackService"
124-->[com.google.firebase:firebase-auth:21.0.1] AndroidManifest.xml:65:13-101
125            android:enabled="true"
125-->[com.google.firebase:firebase-auth:21.0.1] AndroidManifest.xml:66:13-35
126            android:exported="false" >
126-->[com.google.firebase:firebase-auth:21.0.1] AndroidManifest.xml:67:13-37
127            <intent-filter>
127-->[com.google.firebase:firebase-auth:21.0.1] AndroidManifest.xml:68:13-72:29
128                <action android:name="com.google.firebase.auth.api.gms.service.START" />
128-->[com.google.firebase:firebase-auth:21.0.1] AndroidManifest.xml:69:17-89
128-->[com.google.firebase:firebase-auth:21.0.1] AndroidManifest.xml:69:25-86
129
130                <category android:name="android.intent.category.DEFAULT" />
130-->[com.google.firebase:firebase-auth:21.0.1] AndroidManifest.xml:36:17-76
130-->[com.google.firebase:firebase-auth:21.0.1] AndroidManifest.xml:36:27-73
131            </intent-filter>
132        </service>
133
134        <activity
134-->[com.google.android.gms:play-services-base:17.1.0] AndroidManifest.xml:23:9-26:75
135            android:name="com.google.android.gms.common.api.GoogleApiActivity"
135-->[com.google.android.gms:play-services-base:17.1.0] AndroidManifest.xml:24:13-79
136            android:exported="false"
136-->[com.google.android.gms:play-services-base:17.1.0] AndroidManifest.xml:25:13-37
137            android:theme="@android:style/Theme.Translucent.NoTitleBar" />
137-->[com.google.android.gms:play-services-base:17.1.0] AndroidManifest.xml:26:13-72
138
139        <provider
139-->[com.google.firebase:firebase-common:20.0.0] AndroidManifest.xml:26:9-31:39
140            android:name="com.google.firebase.provider.FirebaseInitProvider"
140-->[com.google.firebase:firebase-common:20.0.0] AndroidManifest.xml:27:13-77
141            android:authorities="com.example.instagramclone.firebaseinitprovider"
141-->[com.google.firebase:firebase-common:20.0.0] AndroidManifest.xml:28:13-72
142            android:directBootAware="true"
142-->[com.google.firebase:firebase-common:20.0.0] AndroidManifest.xml:29:13-43
143            android:exported="false"
143-->[com.google.firebase:firebase-common:20.0.0] AndroidManifest.xml:30:13-37
144            android:initOrder="100" />
144-->[com.google.firebase:firebase-common:20.0.0] AndroidManifest.xml:31:13-36
145
146        <receiver
146-->[com.google.android.gms:play-services-measurement:20.0.2] AndroidManifest.xml:29:9-33:20
147            android:name="com.google.android.gms.measurement.AppMeasurementReceiver"
147-->[com.google.android.gms:play-services-measurement:20.0.2] AndroidManifest.xml:30:13-85
148            android:enabled="true"
148-->[com.google.android.gms:play-services-measurement:20.0.2] AndroidManifest.xml:31:13-35
149            android:exported="false" >
149-->[com.google.android.gms:play-services-measurement:20.0.2] AndroidManifest.xml:32:13-37
150        </receiver>
151
152        <service
152-->[com.google.android.gms:play-services-measurement:20.0.2] AndroidManifest.xml:35:9-38:40
153            android:name="com.google.android.gms.measurement.AppMeasurementService"
153-->[com.google.android.gms:play-services-measurement:20.0.2] AndroidManifest.xml:36:13-84
154            android:enabled="true"
154-->[com.google.android.gms:play-services-measurement:20.0.2] AndroidManifest.xml:37:13-35
155            android:exported="false" />
155-->[com.google.android.gms:play-services-measurement:20.0.2] AndroidManifest.xml:38:13-37
156        <service
156-->[com.google.android.gms:play-services-measurement:20.0.2] AndroidManifest.xml:39:9-43:72
157            android:name="com.google.android.gms.measurement.AppMeasurementJobService"
157-->[com.google.android.gms:play-services-measurement:20.0.2] AndroidManifest.xml:40:13-87
158            android:enabled="true"
158-->[com.google.android.gms:play-services-measurement:20.0.2] AndroidManifest.xml:41:13-35
159            android:exported="false"
159-->[com.google.android.gms:play-services-measurement:20.0.2] AndroidManifest.xml:42:13-37
160            android:permission="android.permission.BIND_JOB_SERVICE" />
160-->[com.google.android.gms:play-services-measurement:20.0.2] AndroidManifest.xml:43:13-69
161
162        <meta-data
162-->[com.google.android.gms:play-services-basement:18.0.0] AndroidManifest.xml:21:9-23:69
163            android:name="com.google.android.gms.version"
163-->[com.google.android.gms:play-services-basement:18.0.0] AndroidManifest.xml:22:13-58
164            android:value="@integer/google_play_services_version" />
164-->[com.google.android.gms:play-services-basement:18.0.0] AndroidManifest.xml:23:13-66
165
166        <provider
166-->[com.squareup.picasso:picasso:2.71828] AndroidManifest.xml:8:9-11:40
167            android:name="com.squareup.picasso.PicassoProvider"
167-->[com.squareup.picasso:picasso:2.71828] AndroidManifest.xml:9:13-64
168            android:authorities="com.example.instagramclone.com.squareup.picasso"
168-->[com.squareup.picasso:picasso:2.71828] AndroidManifest.xml:10:13-72
169            android:exported="false" />
169-->[com.squareup.picasso:picasso:2.71828] AndroidManifest.xml:11:13-37
170        <provider
170-->[androidx.emoji2:emoji2:1.0.0] AndroidManifest.xml:26:9-34:20
171            android:name="androidx.startup.InitializationProvider"
171-->[androidx.emoji2:emoji2:1.0.0] AndroidManifest.xml:27:13-67
172            android:authorities="com.example.instagramclone.androidx-startup"
172-->[androidx.emoji2:emoji2:1.0.0] AndroidManifest.xml:28:13-68
173            android:exported="false" >
173-->[androidx.emoji2:emoji2:1.0.0] AndroidManifest.xml:29:13-37
174            <meta-data
174-->[androidx.emoji2:emoji2:1.0.0] AndroidManifest.xml:31:13-33:52
175                android:name="androidx.emoji2.text.EmojiCompatInitializer"
175-->[androidx.emoji2:emoji2:1.0.0] AndroidManifest.xml:32:17-75
176                android:value="androidx.startup" />
176-->[androidx.emoji2:emoji2:1.0.0] AndroidManifest.xml:33:17-49
177            <meta-data
177-->[androidx.lifecycle:lifecycle-process:2.4.0] AndroidManifest.xml:31:13-33:52
178                android:name="androidx.lifecycle.ProcessLifecycleInitializer"
178-->[androidx.lifecycle:lifecycle-process:2.4.0] AndroidManifest.xml:32:17-78
179                android:value="androidx.startup" />
179-->[androidx.lifecycle:lifecycle-process:2.4.0] AndroidManifest.xml:33:17-49
180        </provider>
181    </application>
182
183</manifest>